\BOOKMARK [0][-]{chapter*.1}{\376\377\000S\000u\000m\000m\000a\000r\000y}{}% 1
\BOOKMARK [0][-]{chapter*.3}{\376\377\000I\000n\000t\000r\000o\000d\000u\000c\000t\000i\000o\000n}{}% 2
\BOOKMARK [0][-]{chapter.1}{}{}% 3
\BOOKMARK [1][-]{section.1.1}{\376\377\000D\000o\000l\000o\000r}{chapter.1}% 4
\BOOKMARK [0][-]{chapter.2}{\376\377\000S\000i\000t\000\040\000A\000m\000e\000t}{}% 5
\BOOKMARK [1][-]{section.2.1}{\376\377\000L\000o\000r\000e\000m\000\040\000I\000p\000s\000u\000m}{chapter.2}% 6
\BOOKMARK [2][-]{subsection.2.1.1}{\376\377\000D\000o\000l\000o\000r\000\040\000s\000i\000t\000\040\000a\000m\000e\000t}{section.2.1}% 7
\BOOKMARK [0][-]{chapter.3}{\376\377\000L\000o\000r\000e\000m\000\040\000I\000p\000s\000u\000m}{}% 8
\BOOKMARK [1][-]{section.3.1}{\376\377\000D\000o\000l\000o\000r}{chapter.3}% 9
\BOOKMARK [2][-]{subsection.3.1.1}{\376\377\000S\000i\000t\000\040\000a\000m\000e\000t}{section.3.1}% 10
\BOOKMARK [0][-]{chapter.4}{\376\377\000D\000o\000l\000o\000r}{}% 11
\BOOKMARK [1][-]{section.4.1}{\376\377\000L\000o\000r\000e\000m\000\040\000I\000p\000s\000u\000m}{chapter.4}% 12
\BOOKMARK [2][-]{subsection.4.1.1}{\376\377\000D\000o\000l\000o\000r\000\040\000s\000i\000t\000\040\000a\000m\000e\000t}{section.4.1}% 13
\BOOKMARK [0][-]{chapter*.19}{\376\377\000C\000o\000n\000c\000l\000u\000s\000i\000o\000n\000s}{}% 14
\BOOKMARK [1][-]{section.4.2}{\376\377\000L\000o\000r\000e\000m\000\040\000I\000p\000s\000u\000m}{chapter*.19}% 15
\BOOKMARK [2][-]{subsection.4.2.1}{\376\377\000D\000o\000l\000o\000r\000\040\000s\000i\000t\000\040\000a\000m\000e\000t}{section.4.2}% 16
\BOOKMARK [0][-]{appendix.A}{\376\377\000S\000i\000t\000\040\000A\000m\000e\000t}{}% 17
\BOOKMARK [1][-]{section.A.1}{\376\377\000L\000o\000r\000e\000m\000\040\000I\000p\000s\000u\000m}{appendix.A}% 18
\BOOKMARK [2][-]{subsection.A.1.1}{\376\377\000D\000o\000l\000o\000r\000\040\000s\000i\000t\000\040\000a\000m\000e\000t}{section.A.1}% 19
\BOOKMARK [0][-]{appendix.B}{\376\377\000S\000i\000t\000\040\000A\000m\000e\000t}{}% 20
\BOOKMARK [1][-]{section.B.1}{\376\377\000L\000o\000r\000e\000m\000\040\000I\000p\000s\000u\000m}{appendix.B}% 21
\BOOKMARK [2][-]{subsection.B.1.1}{\376\377\000D\000o\000l\000o\000r\000\040\000s\000i\000t\000\040\000a\000m\000e\000t}{section.B.1}% 22
\BOOKMARK [0][-]{appendix.C}{\376\377\000L\000o\000r\000e\000m}{}% 23
\BOOKMARK [1][-]{section.C.1}{\376\377\000L\000o\000r\000e\000m\000\040\000I\000p\000s\000u\000m}{appendix.C}% 24
\BOOKMARK [2][-]{subsection.C.1.1}{\376\377\000D\000o\000l\000o\000r\000\040\000s\000i\000t\000\040\000a\000m\000e\000t}{section.C.1}% 25
